#
# A fatal error has been detected by the Java Runtime Environment:
#
#  EXCEPTION_ACCESS_VIOLATION (0xc0000005) at pc=0x00000000645bdd20, pid=6576, tid=0x0000000000003010
#
# JRE version: Java(TM) SE Runtime Environment (8.0_311-b11) (build 1.8.0_311-b11)
# Java VM: Java HotSpot(TM) 64-Bit Server VM (25.311-b11 mixed mode windows-amd64 compressed oops)
# Problematic frame:
# V  [jvm.dll+0x20dd20]
#
# Failed to write core dump. Minidumps are not enabled by default on client versions of Windows
#
# If you would like to submit a bug report, please visit:
#   http://bugreport.java.com/bugreport/crash.jsp
#

---------------  T H R E A D  ---------------

Current thread (0x0000000056ebe800):  JavaThread "JDWP Transport Listener: dt_socket" daemon [_thread_in_vm, id=12304, stack(0x00000000584f0000,0x00000000585f0000)]

siginfo: ExceptionCode=0xc0000005, reading address 0x0000000000000a58

Registers:
RAX=0x0000000000000a00, RBX=0x0000000000000a00, RCX=0x0000000000000000, RDX=0x000000005915c550
RSP=0x00000000585ef570, RBP=0x0000000000000000, RSI=0x0000000000000006, RDI=0x000000005915c550
R8 =0x0000000000000a00, R9 =0x0000000056ebe800, R10=0x0000000000000000, R11=0x0000000000000246
R12=0x0000000000000000, R13=0x0000000000000000, R14=0x00000000585ef688, R15=0x0000000056ebc888
RIP=0x00000000645bdd20, EFLAGS=0x0000000000010206

Top of Stack: (sp=0x00000000585ef570)
0x00000000585ef570:   0000000056ebe800 000000005915c550
0x00000000585ef580:   00000000003dfe98 000000006456b753
0x00000000585ef590:   00000000596fe800 0000000064556497
0x00000000585ef5a0:   000000005915c550 00000000003dfe98
0x00000000585ef5b0:   0000000000000006 00000000645543e3
0x00000000585ef5c0:   0000000000000005 000000006455368a
0x00000000585ef5d0:   00000000596fe800 0000000000000000
0x00000000585ef5e0:   00000000585ef6c0 000007fef2260fde
0x00000000585ef5f0:   0000000056ebc4b0 00000000646e4d16
0x00000000585ef600:   0000000000336a80 00000000585ef688
0x00000000585ef610:   0000000056ebe800 00000000644fb2f8
0x00000000585ef620:   0000000056ebe800 0000000000000000
0x00000000585ef630:   0000000000000000 0000000000000000
0x00000000585ef640:   00000000585ef6c0 000007fef225da77
0x00000000585ef650:   00000000585ef6c8 00000000003dfe98
0x00000000585ef660:   00000000003dfe98 0000000000000000 

Instructions: (pc=0x00000000645bdd20)
0x00000000645bdd00:   6f 18 e8 79 6f 00 00 48 8b 07 48 a9 fe ff ff ff
0x00000000645bdd10:   74 2e a8 01 74 8c eb 28 48 83 e3 fe 48 89 5f 10
0x00000000645bdd20:   48 8b 43 58 48 89 47 10 48 89 5f 18 e8 4f 6f 00
0x00000000645bdd30:   00 48 8b 07 a8 01 75 08 48 8b cb e8 90 75 08 00 


Register to memory mapping:

RAX=0x0000000000000a00 is an unknown value
RBX=0x0000000000000a00 is an unknown value
RCX=0x0000000000000000 is an unknown value
RDX=0x000000005915c550 is an unknown value
RSP=0x00000000585ef570 is pointing into the stack for thread: 0x0000000056ebe800
RBP=0x0000000000000000 is an unknown value
RSI=0x0000000000000006 is an unknown value
RDI=0x000000005915c550 is an unknown value
R8 =0x0000000000000a00 is an unknown value
R9 =0x0000000056ebe800 is a thread
R10=0x0000000000000000 is an unknown value
R11=0x0000000000000246 is an unknown value
R12=0x0000000000000000 is an unknown value
R13=0x0000000000000000 is an unknown value
R14=0x00000000585ef688 is pointing into the stack for thread: 0x0000000056ebe800
R15=0x0000000056ebc888 is an unknown value


Stack: [0x00000000584f0000,0x00000000585f0000],  sp=0x00000000585ef570,  free space=1021k
Native frames: (J=compiled Java code, j=interpreted, Vv=VM code, C=native code)


---------------  P R O C E S S  ---------------

Java Threads: ( => current thread )
  0x00000000596fd800 JavaThread "DestroyJavaVM" [_thread_blocked, id=16676, stack(0x0000000002010000,0x0000000002110000)]
  0x00000000596fd000 JavaThread "AsyncHttpClient-1-4" daemon [_thread_in_native, id=17388, stack(0x000000005bb10000,0x000000005bc10000)]
  0x0000000058ed3000 JavaThread "AsyncHttpClient-1-3" daemon [_thread_in_native, id=14432, stack(0x000000005d820000,0x000000005d920000)]
  0x000000005a017800 JavaThread "AsyncHttpClient-1-2" daemon [_thread_in_native, id=9012, stack(0x000000005c310000,0x000000005c410000)]
  0x0000000059eaf000 JavaThread "UrlChecker-2" daemon [_thread_blocked, id=14504, stack(0x000000005bc10000,0x000000005bd10000)]
  0x0000000059eae000 JavaThread "Exec Stream Pumper" daemon [_thread_in_native, id=10244, stack(0x000000005b8e0000,0x000000005b9e0000)]
  0x0000000059eb1000 JavaThread "Exec Stream Pumper" daemon [_thread_in_native, id=15068, stack(0x000000005b9e0000,0x000000005bae0000)]
  0x0000000059eb0800 JavaThread "Driver Service Executor" daemon [_thread_blocked, id=6352, stack(0x0000000059b60000,0x0000000059c60000)]
  0x0000000059e64800 JavaThread "Driver Service Executor" daemon [_thread_blocked, id=12040, stack(0x000000005b720000,0x000000005b820000)]
  0x0000000059e63000 JavaThread "Exec Default Executor" daemon [_thread_in_native, id=9224, stack(0x000000005b590000,0x000000005b690000)]
  0x00000000596ae000 JavaThread "AsyncHttpClient-1-1" daemon [_thread_blocked, id=8640, stack(0x000000005ad90000,0x000000005ae90000)]
  0x0000000056f37000 JavaThread "Service Thread" daemon [_thread_blocked, id=15412, stack(0x0000000058db0000,0x0000000058eb0000)]
  0x0000000056ed9000 JavaThread "C1 CompilerThread1" daemon [_thread_blocked, id=16204, stack(0x0000000058ae0000,0x0000000058be0000)]
  0x0000000056ed7000 JavaThread "C2 CompilerThread0" daemon [_thread_blocked, id=7860, stack(0x0000000058920000,0x0000000058a20000)]
  0x0000000056ec7000 JavaThread "JDWP Command Reader" daemon [_thread_in_native, id=2268, stack(0x00000000587f0000,0x00000000588f0000)]
  0x0000000056ec4000 JavaThread "JDWP Event Helper Thread" daemon [_thread_blocked, id=7136, stack(0x0000000058680000,0x0000000058780000)]
=>0x0000000056ebe800 JavaThread "JDWP Transport Listener: dt_socket" daemon [_thread_in_vm, id=12304, stack(0x00000000584f0000,0x00000000585f0000)]
  0x0000000056ea2000 JavaThread "Attach Listener" daemon [_thread_blocked, id=16236, stack(0x0000000057fd0000,0x00000000580d0000)]
  0x0000000056ea1000 JavaThread "Signal Dispatcher" daemon [_thread_blocked, id=15600, stack(0x0000000057e60000,0x0000000057f60000)]
  0x0000000056e84800 JavaThread "Finalizer" daemon [_thread_blocked, id=15220, stack(0x00000000579f0000,0x0000000057af0000)]
  0x0000000056e3d000 JavaThread "Reference Handler" daemon [_thread_blocked, id=5196, stack(0x0000000057c40000,0x0000000057d40000)]

Other Threads:
  0x0000000056e31800 VMThread [stack: 0x0000000057b00000,0x0000000057c00000] [id=16208]

VM state:not at safepoint (normal execution)

VM Mutex/Monitor currently owned by a thread: None

heap address: 0x0000000082c00000, size: 2004 MB, Compressed Oops mode: 32-bit
Narrow klass base: 0x0000000000000000, Narrow klass shift: 0
Compressed class space size: 1073741824 Address: 0x00000000165c0000

Heap:
 PSYoungGen      total 37888K, used 2329K [0x00000000d6400000, 0x00000000d8e00000, 0x0000000100000000)
  eden space 32768K, 7% used [0x00000000d6400000,0x00000000d6646740,0x00000000d8400000)
  from space 5120K, 0% used [0x00000000d8900000,0x00000000d8900000,0x00000000d8e00000)
  to   space 5120K, 0% used [0x00000000d8400000,0x00000000d8400000,0x00000000d8900000)
 ParOldGen       total 93184K, used 22204K [0x0000000082c00000, 0x0000000088700000, 0x00000000d6400000)
  object space 93184K, 23% used [0x0000000082c00000,0x00000000841af280,0x0000000088700000)
 Metaspace       used 20383K, capacity 21390K, committed 21632K, reserved 1069056K
  class space    used 2658K, capacity 2921K, committed 2944K, reserved 1048576K

Card table byte_map: [0x0000000011890000,0x0000000011c80000] byte_map_base: 0x000000001147a000

Marking Bits: (ParMarkBitMap*) 0x0000000064b98030
 Begin Bits: [0x0000000012330000, 0x0000000014280000)
 End Bits:   [0x0000000014280000, 0x00000000161d0000)

Polling page: 0x0000000000120000

CodeCache: size=245760Kb used=5929Kb max_used=5939Kb free=239830Kb
 bounds [0x00000000024d0000, 0x0000000002aa0000, 0x00000000114d0000]
 total_blobs=2229 nmethods=1783 adapters=367
 compilation: enabled

Compilation events (10 events):
Event: 10.759 Thread 0x0000000056ed9000 nmethod 1780 0x0000000002a9abd0 code [0x0000000002a9ad20, 0x0000000002a9ae30]
Event: 10.768 Thread 0x0000000056ed7000 nmethod 1781 0x0000000002a9e690 code [0x0000000002a9e840, 0x0000000002a9f3c8]
Event: 10.769 Thread 0x0000000056ed9000 1782       3       com.google.common.net.MediaType$Tokenizer::hasMore (27 bytes)
Event: 10.769 Thread 0x0000000056ed9000 nmethod 1782 0x0000000002a9e150 code [0x0000000002a9e2c0, 0x0000000002a9e590]
Event: 10.769 Thread 0x0000000056ed9000 1783       3       com.google.common.collect.Hashing::smear (19 bytes)
Event: 10.769 Thread 0x0000000056ed9000 nmethod 1783 0x0000000002a9dd90 code [0x0000000002a9dee0, 0x0000000002a9e0b0]
Event: 10.769 Thread 0x0000000056ed9000 1784       3       java.lang.Integer::rotateLeft (9 bytes)
Event: 10.769 Thread 0x0000000056ed9000 nmethod 1784 0x0000000002a9da90 code [0x0000000002a9dbe0, 0x0000000002a9dd30]
Event: 10.769 Thread 0x0000000056ed9000 1785       1       com.google.common.collect.Count::get (5 bytes)
Event: 10.769 Thread 0x0000000056ed9000 nmethod 1785 0x0000000002a9d7d0 code [0x0000000002a9d920, 0x0000000002a9da30]

GC Heap History (10 events):
Event: 1.597 GC heap before
{Heap before GC invocations=1 (full 0):
 PSYoungGen      total 37888K, used 32768K [0x00000000d6400000, 0x00000000d8e00000, 0x0000000100000000)
  eden space 32768K, 100% used [0x00000000d6400000,0x00000000d8400000,0x00000000d8400000)
  from space 5120K, 0% used [0x00000000d8900000,0x00000000d8900000,0x00000000d8e00000)
  to   space 5120K, 0% used [0x00000000d8400000,0x00000000d8400000,0x00000000d8900000)
 ParOldGen       total 86016K, used 0K [0x0000000082c00000, 0x0000000088000000, 0x00000000d6400000)
  object space 86016K, 0% used [0x0000000082c00000,0x0000000082c00000,0x0000000088000000)
 Metaspace       used 10622K, capacity 10914K, committed 11136K, reserved 1058816K
  class space    used 1269K, capacity 1381K, committed 1408K, reserved 1048576K
Event: 1.606 GC heap after
Heap after GC invocations=1 (full 0):
 PSYoungGen      total 37888K, used 5119K [0x00000000d6400000, 0x00000000d8e00000, 0x0000000100000000)
  eden space 32768K, 0% used [0x00000000d6400000,0x00000000d6400000,0x00000000d8400000)
  from space 5120K, 99% used [0x00000000d8400000,0x00000000d88ffef8,0x00000000d8900000)
  to   space 5120K, 0% used [0x00000000d8900000,0x00000000d8900000,0x00000000d8e00000)
 ParOldGen       total 86016K, used 913K [0x0000000082c00000, 0x0000000088000000, 0x00000000d6400000)
  object space 86016K, 1% used [0x0000000082c00000,0x0000000082ce4738,0x0000000088000000)
 Metaspace       used 10622K, capacity 10914K, committed 11136K, reserved 1058816K
  class space    used 1269K, capacity 1381K, committed 1408K, reserved 1048576K
}
Event: 3.331 GC heap before
{Heap before GC invocations=2 (full 0):
 PSYoungGen      total 37888K, used 37887K [0x00000000d6400000, 0x00000000d8e00000, 0x0000000100000000)
  eden space 32768K, 100% used [0x00000000d6400000,0x00000000d8400000,0x00000000d8400000)
  from space 5120K, 99% used [0x00000000d8400000,0x00000000d88ffef8,0x00000000d8900000)
  to   space 5120K, 0% used [0x00000000d8900000,0x00000000d8900000,0x00000000d8e00000)
 ParOldGen       total 86016K, used 913K [0x0000000082c00000, 0x0000000088000000, 0x00000000d6400000)
  object space 86016K, 1% used [0x0000000082c00000,0x0000000082ce4738,0x0000000088000000)
 Metaspace       used 17367K, capacity 18142K, committed 18432K, reserved 1064960K
  class space    used 2210K, capacity 2441K, committed 2560K, reserved 1048576K
Event: 3.343 GC heap after
Heap after GC invocations=2 (full 0):
 PSYoungGen      total 37888K, used 5088K [0x00000000d6400000, 0x00000000d8e00000, 0x0000000100000000)
  eden space 32768K, 0% used [0x00000000d6400000,0x00000000d6400000,0x00000000d8400000)
  from space 5120K, 99% used [0x00000000d8900000,0x00000000d8df8360,0x00000000d8e00000)
  to   space 5120K, 0% used [0x00000000d8400000,0x00000000d8400000,0x00000000d8900000)
 ParOldGen       total 86016K, used 3585K [0x0000000082c00000, 0x0000000088000000, 0x00000000d6400000)
  object space 86016K, 4% used [0x0000000082c00000,0x0000000082f80550,0x0000000088000000)
 Metaspace       used 17367K, capacity 18142K, committed 18432K, reserved 1064960K
  class space    used 2210K, capacity 2441K, committed 2560K, reserved 1048576K
}
Event: 4.960 GC heap before
{Heap before GC invocations=3 (full 0):
 PSYoungGen      total 37888K, used 37856K [0x00000000d6400000, 0x00000000d8e00000, 0x0000000100000000)
  eden space 32768K, 100% used [0x00000000d6400000,0x00000000d8400000,0x00000000d8400000)
  from space 5120K, 99% used [0x00000000d8900000,0x00000000d8df8360,0x00000000d8e00000)
  to   space 5120K, 0% used [0x00000000d8400000,0x00000000d8400000,0x00000000d8900000)
 ParOldGen       total 86016K, used 3585K [0x0000000082c00000, 0x0000000088000000, 0x00000000d6400000)
  object space 86016K, 4% used [0x0000000082c00000,0x0000000082f80550,0x0000000088000000)
 Metaspace       used 20117K, capacity 21034K, committed 21120K, reserved 1067008K
  class space    used 2619K, capacity 2869K, committed 2944K, reserved 1048576K
Event: 4.975 GC heap after
Heap after GC invocations=3 (full 0):
 PSYoungGen      total 37888K, used 5088K [0x00000000d6400000, 0x00000000d8e00000, 0x0000000100000000)
  eden space 32768K, 0% used [0x00000000d6400000,0x00000000d6400000,0x00000000d8400000)
  from space 5120K, 99% used [0x00000000d8400000,0x00000000d88f8050,0x00000000d8900000)
  to   space 5120K, 0% used [0x00000000d8900000,0x00000000d8900000,0x00000000d8e00000)
 ParOldGen       total 86016K, used 22351K [0x0000000082c00000, 0x0000000088000000, 0x00000000d6400000)
  object space 86016K, 25% used [0x0000000082c00000,0x00000000841d3d10,0x0000000088000000)
 Metaspace       used 20117K, capacity 21034K, committed 21120K, reserved 1067008K
  class space    used 2619K, capacity 2869K, committed 2944K, reserved 1048576K
}
Event: 5.683 GC heap before
{Heap before GC invocations=4 (full 0):
 PSYoungGen      total 37888K, used 7141K [0x00000000d6400000, 0x00000000d8e00000, 0x0000000100000000)
  eden space 32768K, 6% used [0x00000000d6400000,0x00000000d66015e0,0x00000000d8400000)
  from space 5120K, 99% used [0x00000000d8400000,0x00000000d88f8050,0x00000000d8900000)
  to   space 5120K, 0% used [0x00000000d8900000,0x00000000d8900000,0x00000000d8e00000)
 ParOldGen       total 86016K, used 22351K [0x0000000082c00000, 0x0000000088000000, 0x00000000d6400000)
  object space 86016K, 25% used [0x0000000082c00000,0x00000000841d3d10,0x0000000088000000)
 Metaspace       used 20310K, capacity 21204K, committed 21296K, reserved 1067008K
  class space    used 2642K, capacity 2880K, committed 2944K, reserved 1048576K
Event: 5.697 GC heap after
Heap after GC invocations=4 (full 0):
 PSYoungGen      total 37888K, used 5104K [0x00000000d6400000, 0x00000000d8e00000, 0x0000000100000000)
  eden space 32768K, 0% used [0x00000000d6400000,0x00000000d6400000,0x00000000d8400000)
  from space 5120K, 99% used [0x00000000d8900000,0x00000000d8dfc040,0x00000000d8e00000)
  to   space 5120K, 0% used [0x00000000d8400000,0x00000000d8400000,0x00000000d8900000)
 ParOldGen       total 86016K, used 22508K [0x0000000082c00000, 0x0000000088000000, 0x00000000d6400000)
  object space 86016K, 26% used [0x0000000082c00000,0x00000000841fb168,0x0000000088000000)
 Metaspace       used 20310K, capacity 21204K, committed 21296K, reserved 1067008K
  class space    used 2642K, capacity 2880K, committed 2944K, reserved 1048576K
}
Event: 5.697 GC heap before
{Heap before GC invocations=5 (full 1):
 PSYoungGen      total 37888K, used 5104K [0x00000000d6400000, 0x00000000d8e00000, 0x0000000100000000)
  eden space 32768K, 0% used [0x00000000d6400000,0x00000000d6400000,0x00000000d8400000)
  from space 5120K, 99% used [0x00000000d8900000,0x00000000d8dfc040,0x00000000d8e00000)
  to   space 5120K, 0% used [0x00000000d8400000,0x00000000d8400000,0x00000000d8900000)
 ParOldGen       total 86016K, used 22508K [0x0000000082c00000, 0x0000000088000000, 0x00000000d6400000)
  object space 86016K, 26% used [0x0000000082c00000,0x00000000841fb168,0x0000000088000000)
 Metaspace       used 20310K, capacity 21204K, committed 21296K, reserved 1067008K
  class space    used 2642K, capacity 2880K, committed 2944K, reserved 1048576K
Event: 5.769 GC heap after
Heap after GC invocations=5 (full 1):
 PSYoungGen      total 37888K, used 0K [0x00000000d6400000, 0x00000000d8e00000, 0x0000000100000000)
  eden space 32768K, 0% used [0x00000000d6400000,0x00000000d6400000,0x00000000d8400000)
  from space 5120K, 0% used [0x00000000d8900000,0x00000000d8900000,0x00000000d8e00000)
  to   space 5120K, 0% used [0x00000000d8400000,0x00000000d8400000,0x00000000d8900000)
 ParOldGen       total 93184K, used 22204K [0x0000000082c00000, 0x0000000088700000, 0x00000000d6400000)
  object space 93184K, 23% used [0x0000000082c00000,0x00000000841af280,0x0000000088700000)
 Metaspace       used 20310K, capacity 21204K, committed 21296K, reserved 1067008K
  class space    used 2642K, capacity 2880K, committed 2944K, reserved 1048576K
}

Deoptimization events (10 events):
Event: 1.099 Thread 0x000000000033d000 Uncommon trap: reason=unstable_if action=reinterpret pc=0x000000000275d444 method=sun.misc.MetaIndex.mayContain(Ljava/lang/String;)Z @ 38
Event: 2.187 Thread 0x000000000033d000 Uncommon trap: reason=bimorphic action=maybe_recompile pc=0x00000000027f1458 method=java.util.regex.Pattern$BmpCharProperty.match(Ljava/util/regex/Matcher;ILjava/lang/CharSequence;)Z @ 16
Event: 2.187 Thread 0x000000000033d000 Uncommon trap: reason=bimorphic action=maybe_recompile pc=0x00000000027f1458 method=java.util.regex.Pattern$BmpCharProperty.match(Ljava/util/regex/Matcher;ILjava/lang/CharSequence;)Z @ 16
Event: 2.188 Thread 0x000000000033d000 Uncommon trap: reason=bimorphic action=maybe_recompile pc=0x00000000027f1458 method=java.util.regex.Pattern$BmpCharProperty.match(Ljava/util/regex/Matcher;ILjava/lang/CharSequence;)Z @ 16
Event: 2.188 Thread 0x000000000033d000 Uncommon trap: reason=bimorphic action=maybe_recompile pc=0x00000000027f1458 method=java.util.regex.Pattern$BmpCharProperty.match(Ljava/util/regex/Matcher;ILjava/lang/CharSequence;)Z @ 16
Event: 2.206 Thread 0x000000000033d000 Uncommon trap: reason=unstable_if action=reinterpret pc=0x0000000002673830 method=java.lang.String.replace(CC)Ljava/lang/String; @ 2
Event: 2.256 Thread 0x0000000059eaf000 Uncommon trap: reason=unstable_if action=reinterpret pc=0x00000000027a2a9c method=java.lang.CharacterDataLatin1.digit(II)I @ 82
Event: 3.009 Thread 0x000000000033d000 Uncommon trap: reason=unstable_if action=reinterpret pc=0x0000000002965260 method=java.util.regex.Pattern$BmpCharProperty.match(Ljava/util/regex/Matcher;ILjava/lang/CharSequence;)Z @ 34
Event: 4.752 Thread 0x000000000033d000 Uncommon trap: reason=class_check action=maybe_recompile pc=0x00000000028f01d0 method=java.util.HashMap.putVal(ILjava/lang/Object;Ljava/lang/Object;ZZ)Ljava/lang/Object; @ 253
Event: 4.764 Thread 0x000000000033d000 Uncommon trap: reason=unstable_if action=reinterpret pc=0x00000000029da080 method=java.util.concurrent.ConcurrentHashMap.putVal(Ljava/lang/Object;Ljava/lang/Object;Z)Ljava/lang/Object; @ 181

Classes redefined (0 events):
No events

Internal exceptions (10 events):
Event: 0.908 Thread 0x000000000033d000 Exception <a 'java/lang/NoClassDefFoundError': org/apache/log4j/Priority> (0x00000000d71f8fb8) thrown at [C:\jenkins\workspace\8-2-build-windows-amd64-cygwin\jdk8u311\1894\hotspot\src\share\vm\classfile\systemDictionary.cpp, line 201]
Event: 2.048 Thread 0x000000000033d000 Exception <a 'java/lang/NoSuchMethodError': java.lang.Object.lambda$andFinally$1(Lorg/openqa/selenium/remote/http/HttpHandler;Lorg/openqa/selenium/remote/http/HttpRequest;)Lorg/openqa/selenium/remote/http/HttpResponse;> (0x00000000d713c350) thrown at [C:\
Event: 2.096 Thread 0x000000000033d000 Exception <a 'java/lang/IncompatibleClassChangeError': Found class java.lang.Object, but interface was expected> (0x00000000d7304210) thrown at [C:\jenkins\workspace\8-2-build-windows-amd64-cygwin\jdk8u311\1894\hotspot\src\share\vm\interpreter\linkResolve
Event: 2.100 Thread 0x000000000033d000 Exception <a 'java/lang/NoSuchMethodError': java.lang.Object.lambda$or$2(Ljava/util/function/Predicate;Ljava/lang/Object;)Z> (0x00000000d7311078) thrown at [C:\jenkins\workspace\8-2-build-windows-amd64-cygwin\jdk8u311\1894\hotspot\src\share\vm\interpreter
Event: 2.757 Thread 0x0000000059eaf000 Exception <a 'java/net/SocketTimeoutException': connect timed out> (0x00000000d774dda8) thrown at [C:\jenkins\workspace\8-2-build-windows-amd64-cygwin\jdk8u311\1894\hotspot\src\share\vm\prims\jni.cpp, line 737]
Event: 2.805 Thread 0x000000000033d000 Exception <a 'java/lang/NoSuchMethodError': java.lang.Object.lambda$andThen$1(Ljava/util/function/Function;Ljava/lang/Object;)Ljava/lang/Object;> (0x00000000d77e77b8) thrown at [C:\jenkins\workspace\8-2-build-windows-amd64-cygwin\jdk8u311\1894\hotspot\src
Event: 2.901 Thread 0x000000000033d000 Exception <a 'java/lang/NoSuchMethodError': java.lang.Object.lambda$chars$0()Ljava/util/Spliterator$OfInt;> (0x00000000d79a1220) thrown at [C:\jenkins\workspace\8-2-build-windows-amd64-cygwin\jdk8u311\1894\hotspot\src\share\vm\interpreter\linkResolver.cpp
Event: 2.964 Thread 0x000000000033d000 Exception <a 'java/lang/NoSuchMethodError': java.lang.Object.lambda$negate$1(Ljava/lang/Object;)Z> (0x00000000d7be3890) thrown at [C:\jenkins\workspace\8-2-build-windows-amd64-cygwin\jdk8u311\1894\hotspot\src\share\vm\interpreter\linkResolver.cpp, line 62
Event: 4.741 Thread 0x000000000033d000 Exception <a 'java/lang/NoSuchMethodError': java.lang.Object.lambda$getResponseFunction$0(Lorg/openqa/selenium/remote/InitialHandshakeResponse;)Lorg/openqa/selenium/remote/ProtocolHandshake$Result;> (0x00000000d7e54910) thrown at [C:\jenkins\workspace\8-2
Event: 5.681 Thread 0x000000000033d000 Exception <a 'java/lang/NoSuchMethodError': java.lang.Object.FIND_ELEMENT(Ljava/lang/String;Ljava/lang/Object;)Lorg/openqa/selenium/remote/CommandPayload;> (0x00000000d6509ce8) thrown at [C:\jenkins\workspace\8-2-build-windows-amd64-cygwin\jdk8u311\1894\h

Events (10 events):
Event: 10.770 loading class java/util/IdentityHashMap$KeyIterator
Event: 10.770 loading class java/util/IdentityHashMap$IdentityHashMapIterator
Event: 10.772 loading class java/util/IdentityHashMap$IdentityHashMapIterator done
Event: 10.772 loading class java/util/IdentityHashMap$KeyIterator done
Event: 10.773 Thread 0x00000000596fe800 Thread added: 0x00000000596fe800
Event: 10.774 Executing VM operation: RevokeBias
Event: 10.774 Executing VM operation: RevokeBias done
Event: 10.774 Executing VM operation: RevokeBias
Event: 10.774 Executing VM operation: RevokeBias done
Event: 10.780 Thread 0x00000000596fe800 Thread exited: 0x00000000596fe800


Dynamic libraries:
0x000000013f5d0000 - 0x000000013f617000 	C:\Program Files\Java\jre1.8.0_311\bin\javaw.exe
0x0000000076f70000 - 0x000000007710f000 	C:\Windows\SYSTEM32\ntdll.dll
0x0000000076e50000 - 0x0000000076f70000 	C:\Windows\system32\kernel32.dll
0x000007fefcd00000 - 0x000007fefcd67000 	C:\Windows\system32\KERNELBASE.dll
0x000007fefd3b0000 - 0x000007fefd48b000 	C:\Windows\system32\ADVAPI32.dll
0x000007fefe390000 - 0x000007fefe42f000 	C:\Windows\system32\msvcrt.dll
0x000007fefe0f0000 - 0x000007fefe10f000 	C:\Windows\SYSTEM32\sechost.dll
0x000007fefd490000 - 0x000007fefd5bd000 	C:\Windows\system32\RPCRT4.dll
0x0000000076d50000 - 0x0000000076e4b000 	C:\Windows\system32\USER32.dll
0x000007fefe320000 - 0x000007fefe388000 	C:\Windows\system32\GDI32.dll
0x000007fefd190000 - 0x000007fefd19e000 	C:\Windows\system32\LPK.dll
0x000007fefd910000 - 0x000007fefd9db000 	C:\Windows\system32\USP10.dll
0x000007fefb3a0000 - 0x000007fefb595000 	C:\Windows\WinSxS\amd64_microsoft.windows.common-controls_6595b64144ccf1df_6.0.7601.24483_none_e372d88f30fbb845\COMCTL32.dll
0x000007fefd1a0000 - 0x000007fefd211000 	C:\Windows\system32\SHLWAPI.dll
0x000007fefdee0000 - 0x000007fefdf0e000 	C:\Windows\system32\IMM32.DLL
0x000007fefce80000 - 0x000007fefcf8b000 	C:\Windows\system32\MSCTF.dll
0x000007fefa5e0000 - 0x000007fefa5e3000 	C:\Windows\system32\api-ms-win-core-synch-l1-2-0.DLL
0x000007fef2880000 - 0x000007fef2895000 	C:\Program Files\Java\jre1.8.0_311\bin\vcruntime140.dll
0x000007fef3560000 - 0x000007fef3564000 	C:\Program Files\Java\jre1.8.0_311\bin\api-ms-win-crt-runtime-l1-1-0.dll
0x000007feedfb0000 - 0x000007feee0aa000 	C:\Program Files\Java\jre1.8.0_311\bin\ucrtbase.DLL
0x000007fef8d80000 - 0x000007fef8d83000 	C:\Program Files\Java\jre1.8.0_311\bin\api-ms-win-core-localization-l1-2-0.dll
0x000007fef3150000 - 0x000007fef3153000 	C:\Program Files\Java\jre1.8.0_311\bin\api-ms-win-core-processthreads-l1-1-1.dll
0x000007fef33b0000 - 0x000007fef33b3000 	C:\Program Files\Java\jre1.8.0_311\bin\api-ms-win-core-file-l1-2-0.dll
0x000007fef2870000 - 0x000007fef2873000 	C:\Program Files\Java\jre1.8.0_311\bin\api-ms-win-core-timezone-l1-1-0.dll
0x000007fef2a30000 - 0x000007fef2a33000 	C:\Program Files\Java\jre1.8.0_311\bin\api-ms-win-core-file-l2-1-0.dll
0x000007fef2860000 - 0x000007fef2863000 	C:\Program Files\Java\jre1.8.0_311\bin\api-ms-win-crt-heap-l1-1-0.dll
0x000007fef2780000 - 0x000007fef2784000 	C:\Program Files\Java\jre1.8.0_311\bin\api-ms-win-crt-string-l1-1-0.dll
0x000007fef2770000 - 0x000007fef2774000 	C:\Program Files\Java\jre1.8.0_311\bin\api-ms-win-crt-stdio-l1-1-0.dll
0x000007fef2760000 - 0x000007fef2764000 	C:\Program Files\Java\jre1.8.0_311\bin\api-ms-win-crt-convert-l1-1-0.dll
0x000007feedf10000 - 0x000007feedfab000 	C:\Program Files\Java\jre1.8.0_311\bin\msvcp140.dll
0x000007fef2750000 - 0x000007fef2753000 	C:\Program Files\Java\jre1.8.0_311\bin\api-ms-win-crt-locale-l1-1-0.dll
0x000007fef2620000 - 0x000007fef2625000 	C:\Program Files\Java\jre1.8.0_311\bin\api-ms-win-crt-math-l1-1-0.dll
0x000007fef2630000 - 0x000007fef2633000 	C:\Program Files\Java\jre1.8.0_311\bin\api-ms-win-crt-filesystem-l1-1-0.dll
0x000007fef2610000 - 0x000007fef2613000 	C:\Program Files\Java\jre1.8.0_311\bin\api-ms-win-crt-time-l1-1-0.dll
0x000007fef2600000 - 0x000007fef2603000 	C:\Program Files\Java\jre1.8.0_311\bin\api-ms-win-crt-environment-l1-1-0.dll
0x000007fef23e0000 - 0x000007fef23e3000 	C:\Program Files\Java\jre1.8.0_311\bin\api-ms-win-crt-utility-l1-1-0.dll
0x00000000643b0000 - 0x0000000064c10000 	C:\Program Files\Java\jre1.8.0_311\bin\server\jvm.dll
0x000007fef0950000 - 0x000007fef0959000 	C:\Windows\system32\WSOCK32.dll
0x000007fefd9e0000 - 0x000007fefda2d000 	C:\Windows\system32\WS2_32.dll
0x000007fefe290000 - 0x000007fefe298000 	C:\Windows\system32\NSI.dll
0x000007fef7e40000 - 0x000007fef7e7b000 	C:\Windows\system32\WINMM.dll
0x000007fefbb80000 - 0x000007fefbb8c000 	C:\Windows\system32\VERSION.dll
0x0000000077120000 - 0x0000000077127000 	C:\Windows\system32\PSAPI.DLL
0x000007fefb370000 - 0x000007fefb380000 	C:\Program Files\Java\jre1.8.0_311\bin\verify.dll
0x000007fef3b40000 - 0x000007fef3b6b000 	C:\Program Files\Java\jre1.8.0_311\bin\java.dll
0x000007fef2240000 - 0x000007fef2276000 	C:\Program Files\Java\jre1.8.0_311\bin\jdwp.dll
0x000007fef23d0000 - 0x000007fef23d9000 	C:\Program Files\Java\jre1.8.0_311\bin\npt.dll
0x000007fef73f0000 - 0x000007fef7408000 	C:\Program Files\Java\jre1.8.0_311\bin\zip.dll
0x000007fefe4d0000 - 0x000007feff25b000 	C:\Windows\system32\SHELL32.dll
0x000007fefcf90000 - 0x000007fefd190000 	C:\Windows\system32\ole32.dll
0x000007fefcac0000 - 0x000007fefcacf000 	C:\Windows\system32\profapi.dll
0x000007fef22c0000 - 0x000007fef22ca000 	C:\Program Files\Java\jre1.8.0_311\bin\dt_socket.dll
0x000007fef9200000 - 0x000007fef9215000 	C:\Windows\system32\NLAapi.dll
0x000007fef8420000 - 0x000007fef8435000 	C:\Windows\system32\napinsp.dll
0x000007fef1a30000 - 0x000007fef1a49000 	C:\Windows\system32\pnrpnsp.dll
0x000007fefc200000 - 0x000007fefc255000 	C:\Windows\System32\mswsock.dll
0x000007fefc070000 - 0x000007fefc0cb000 	C:\Windows\system32\DNSAPI.dll
0x000007fef1a20000 - 0x000007fef1a2b000 	C:\Windows\System32\winrnr.dll
0x000007fef1a10000 - 0x000007fef1a20000 	C:\Windows\system32\wshbth.dll
0x000007fef8f70000 - 0x000007fef8f97000 	C:\Windows\system32\IPHLPAPI.DLL
0x000007fef8f60000 - 0x000007fef8f6b000 	C:\Windows\system32\WINNSI.DLL
0x000007fef8e20000 - 0x000007fef8e73000 	C:\Windows\System32\fwpuclnt.dll
0x000007fef3cf0000 - 0x000007fef3cf8000 	C:\Windows\system32\rasadhlp.dll
0x000007fefbc50000 - 0x000007fefbc57000 	C:\Windows\System32\wshtcpip.dll
0x000007fef3b20000 - 0x000007fef3b3c000 	C:\Program Files\Java\jre1.8.0_311\bin\net.dll
0x000007fefc1f0000 - 0x000007fefc1f7000 	C:\Windows\System32\wship6.dll
0x000007fee4940000 - 0x000007fee4964000 	C:\Program Files\Java\jre1.8.0_311\bin\sunec.dll
0x000007fef8d60000 - 0x000007fef8d78000 	C:\Windows\system32\dhcpcsvc.DLL
0x000007fef8c40000 - 0x000007fef8c51000 	C:\Windows\system32\dhcpcsvc6.DLL
0x000007fef2920000 - 0x000007fef2933000 	C:\Program Files\Java\jre1.8.0_311\bin\nio.dll
0x000007fefc260000 - 0x000007fefc278000 	C:\Windows\system32\CRYPTSP.dll
0x000007fefbf40000 - 0x000007fefbf87000 	C:\Windows\system32\rsaenh.dll
0x000007fefcdc0000 - 0x000007fefcddf000 	C:\Windows\system32\USERENV.dll
0x000007fefc960000 - 0x000007fefc96f000 	C:\Windows\system32\CRYPTBASE.dll
0x000007fefc900000 - 0x000007fefc957000 	C:\Windows\system32\apphelp.dll
0x000007fef22b0000 - 0x000007fef22bd000 	C:\Program Files\Java\jre1.8.0_311\bin\management.dll
0x000007fef0cd0000 - 0x000007fef0df5000 	C:\Windows\system32\dbghelp.dll

VM Arguments:
jvm_args: -agentlib:jdwp=transport=dt_socket,suspend=y,address=localhost:50779 -Dfile.encoding=UTF-8 
java_command: seleniummock.project1.WindowsChange
java_class_path (initial): C:\Users\Admin\workspace\project1\target\classes;C:\Users\Admin\Downloads\testng-7.1.0.jar;C:\Users\Admin\.m2\repository\org\seleniumhq\selenium\selenium-java\4.1.1\selenium-java-4.1.1.jar;C:\Users\Admin\.m2\repository\org\seleniumhq\selenium\selenium-api\4.1.1\selenium-api-4.1.1.jar;C:\Users\Admin\.m2\repository\org\seleniumhq\selenium\selenium-chrome-driver\4.1.1\selenium-chrome-driver-4.1.1.jar;C:\Users\Admin\.m2\repository\com\google\auto\service\auto-service-annotations\1.0.1\auto-service-annotations-1.0.1.jar;C:\Users\Admin\.m2\repository\com\google\auto\service\auto-service\1.0.1\auto-service-1.0.1.jar;C:\Users\Admin\.m2\repository\com\google\auto\auto-common\1.2\auto-common-1.2.jar;C:\Users\Admin\.m2\repository\com\google\guava\guava\31.0.1-jre\guava-31.0.1-jre.jar;C:\Users\Admin\.m2\repository\com\google\guava\failureaccess\1.0.1\failureaccess-1.0.1.jar;C:\Users\Admin\.m2\repository\com\google\guava\listenablefuture\9999.0-empty-to-avoid-conflict-with-guava\listenablefuture-9999.0-empty-to-avoid-conflict-with-guava.jar;C:\Users\Admin\.m2\repository\com\google\code\findbugs\jsr305\3.0.2\jsr305-3.0.2.jar;C:\Users\Admin\.m2\repository\org\checkerframework\checker-qual\3.12.0\checker-qual-3.12.0.jar;C:\Users\Admin\.m2\repository\com\google\errorprone\error_prone_annotations\2.7.1\error_prone_annotations-2.7.1.jar;C:\Users\Admin\.m2\repository\com\google\j2objc\j2objc-annotations\1.3\j2objc-annotations-1.3.jar;C:\Users\Admin\.m2\repository\org\seleniumhq\selenium\selenium-chromium-driver\4.1.1\selenium-chromium-driver-4.1.1.jar;C:\Users\Admin\.m2\repository\org\seleniumhq\selenium\selenium-json\4.1.1\selenium-json-4.1.1.jar;C:\Users\Admin\.m2\repository\org\seleniumhq\selenium\selenium-devtools-v85\4.1.1\selenium-devtools-v85-4.1.1.jar;C:\Users\Admin\.m2\repository\org\seleniumhq\selenium\selenium-devtools-v94\4.1.1\selenium-devtools-v94-4.1.1.jar;C:\Users\Admin\.m2\repository\org\seleniumhq\selenium\selenium-devtools-v95\4.1.1\selen
Launcher Type: SUN_STANDARD

Environment Variables:
JAVA_HOME=C:\Program Files\Java\jre1.8.0_311\bin
PATH=C:/Program Files/Java/jre1.8.0_311/bin/server;C:/Program Files/Java/jre1.8.0_311/bin;C:/Program Files/Java/jre1.8.0_311/lib/amd64;C:\Program Files (x86)\Common Files\Oracle\Java\javapath;C:\Program Files (x86)\Intel\iCLS Client\;C:\Program Files\Intel\iCLS Client\;C:\Windows\system32;C:\Windows;C:\Windows\System32\Wbem;C:\Windows\System32\WindowsPowerShell\v1.0\;C:\Program Files (x86)\Intel\OpenCL SDK\2.0\bin\x86;C:\Program Files (x86)\Intel\OpenCL SDK\2.0\bin\x64;C:\Program Files\Intel\Intel(R) Management Engine Components\DAL;C:\Program Files\Intel\Intel(R) Management Engine Components\IPT;C:\Program Files (x86)\Intel\Intel(R) Management Engine Components\DAL;C:\Program Files (x86)\Intel\Intel(R) Management Engine Components\IPT;C:\Program Files\Git\cmd;C:\Program Files\nodejs\;C:\Users\Admin\AppData\Local\Android\Sdk\platform-tools\;C:\Users\Admin\AppData\Roaming\npm;C:\Users\Admin\AppData\Local\Android\Sdk\platform-tools\;C:\Program Files (x86)\Sophos\Sophos SSL VPN Client\bin;D:\Software\eclipse;
USERNAME=Admin
OS=Windows_NT
PROCESSOR_IDENTIFIER=Intel64 Family 6 Model 42 Stepping 7, GenuineIntel



---------------  S Y S T E M  ---------------

OS: Windows 7 , 64 bit Build 7601 (6.1.7601.24561)

CPU:total 2 (initial active 2) (2 cores per cpu, 1 threads per core) family 6 model 42 stepping 7, cmov, cx8, fxsr, mmx, sse, sse2, sse3, ssse3, sse4.1, sse4.2, popcnt, clmul, tsc, tscinvbit

Memory: 4k page, physical 8200560k(552256k free), swap 16399220k(2073952k free)

vm_info: Java HotSpot(TM) 64-Bit Server VM (25.311-b11) for windows-amd64 JRE (1.8.0_311-b11), built on Sep 27 2021 05:15:14 by "java_re" with MS VC++ 15.9 (VS2017)

time: Wed Feb 23 13:56:13 2022
timezone: India Standard Time
elapsed time: 10.801684 seconds (0d 0h 0m 10s)

